  main.cpp
F:\OpenGL\CW2\Project1\include\learnopengl\mesh.h(104,1): warning C4267: “参数”: 从“size_t”转换到“GLsizei”，可能丢失数据
F:\OpenGL\CW2\Project1\main.cpp(213,58): warning C4244: “初始化”: 从“float”转换到“int”，可能丢失数据
F:\OpenGL\CW2\Project1\main.cpp(215,44): warning C4244: “=”: 从“float”转换到“int”，可能丢失数据
F:\OpenGL\CW2\Project1\main.cpp(216,42): warning C4244: “=”: 从“float”转换到“int”，可能丢失数据
F:\OpenGL\CW2\Project1\main.cpp(223,1): warning C4305: “初始化”: 从“double”到“float”截断
F:\OpenGL\CW2\Project1\main.cpp(324,20): warning C4244: “初始化”: 从“float”转换到“int”，可能丢失数据
F:\OpenGL\CW2\Project1\main.cpp(338,53): warning C4244: “=”: 从“float”转换到“int”，可能丢失数据
F:\OpenGL\CW2\Project1\main.cpp(339,53): warning C4244: “=”: 从“float”转换到“int”，可能丢失数据
F:\OpenGL\CW2\Project1\main.cpp(340,57): warning C4244: “=”: 从“float”转换到“int”，可能丢失数据
F:\OpenGL\CW2\Project1\main.cpp(344,77): warning C4244: “=”: 从“float”转换到“int”，可能丢失数据
F:\OpenGL\CW2\Project1\main.cpp(345,77): warning C4244: “=”: 从“float”转换到“int”，可能丢失数据
F:\OpenGL\CW2\Project1\main.cpp(346,81): warning C4244: “=”: 从“float”转换到“int”，可能丢失数据
F:\OpenGL\CW2\Project1\main.cpp(412,96): warning C4244: “初始化”: 从“float”转换到“int”，可能丢失数据
F:\OpenGL\CW2\Project1\main.cpp(412,123): warning C4244: “初始化”: 从“float”转换到“int”，可能丢失数据
F:\OpenGL\CW2\Project1\main.cpp(418,1): warning C4305: “初始化”: 从“double”到“float”截断
F:\OpenGL\CW2\Project1\main.cpp(453,20): warning C4244: “=”: 从“float”转换到“int”，可能丢失数据
F:\OpenGL\CW2\Project1\main.cpp(454,35): warning C4244: “=”: 从“float”转换到“int”，可能丢失数据
F:\OpenGL\CW2\Project1\main.cpp(472,1): warning C4267: “=”: 从“size_t”转换到“int”，可能丢失数据
F:\OpenGL\CW2\Project1\main.cpp(473,1): warning C4267: “=”: 从“size_t”转换到“int”，可能丢失数据
F:\OpenGL\CW2\Project1\main.cpp(649,47): warning C4305: “参数”: 从“double”到“float”截断
F:\OpenGL\CW2\Project1\main.cpp(657,28): warning C4244: “初始化”: 从“double”转换到“float”，可能丢失数据
F:\OpenGL\CW2\Project1\main.cpp(692,50): warning C4305: “参数”: 从“double”到“float”截断
F:\OpenGL\CW2\Project1\main.cpp(693,54): warning C4305: “参数”: 从“double”到“float”截断
F:\OpenGL\CW2\Project1\main.cpp(742,56): warning C4305: “参数”: 从“double”到“float”截断
F:\OpenGL\CW2\Project1\main.cpp(743,60): warning C4305: “参数”: 从“double”到“float”截断
F:\OpenGL\CW2\Project1\main.cpp(1016,17): warning C4244: “-=”: 从“double”转换到“float”，可能丢失数据
glfw3.lib(init.obj) : warning LNK4099: 未找到 PDB“glfw3.pdb”(使用“glfw3.lib(init.obj)”或在“F:\OpenGL\CW2\x64\Debug\glfw3.pdb”中寻找)；正在链接对象，如同没有调试信息一样
glfw3.lib(window.obj) : warning LNK4099: 未找到 PDB“glfw3.pdb”(使用“glfw3.lib(window.obj)”或在“F:\OpenGL\CW2\x64\Debug\glfw3.pdb”中寻找)；正在链接对象，如同没有调试信息一样
glfw3.lib(input.obj) : warning LNK4099: 未找到 PDB“glfw3.pdb”(使用“glfw3.lib(input.obj)”或在“F:\OpenGL\CW2\x64\Debug\glfw3.pdb”中寻找)；正在链接对象，如同没有调试信息一样
glfw3.lib(context.obj) : warning LNK4099: 未找到 PDB“glfw3.pdb”(使用“glfw3.lib(context.obj)”或在“F:\OpenGL\CW2\x64\Debug\glfw3.pdb”中寻找)；正在链接对象，如同没有调试信息一样
glfw3.lib(win32_init.obj) : warning LNK4099: 未找到 PDB“glfw3.pdb”(使用“glfw3.lib(win32_init.obj)”或在“F:\OpenGL\CW2\x64\Debug\glfw3.pdb”中寻找)；正在链接对象，如同没有调试信息一样
glfw3.lib(win32_monitor.obj) : warning LNK4099: 未找到 PDB“glfw3.pdb”(使用“glfw3.lib(win32_monitor.obj)”或在“F:\OpenGL\CW2\x64\Debug\glfw3.pdb”中寻找)；正在链接对象，如同没有调试信息一样
glfw3.lib(win32_time.obj) : warning LNK4099: 未找到 PDB“glfw3.pdb”(使用“glfw3.lib(win32_time.obj)”或在“F:\OpenGL\CW2\x64\Debug\glfw3.pdb”中寻找)；正在链接对象，如同没有调试信息一样
glfw3.lib(win32_thread.obj) : warning LNK4099: 未找到 PDB“glfw3.pdb”(使用“glfw3.lib(win32_thread.obj)”或在“F:\OpenGL\CW2\x64\Debug\glfw3.pdb”中寻找)；正在链接对象，如同没有调试信息一样
glfw3.lib(monitor.obj) : warning LNK4099: 未找到 PDB“glfw3.pdb”(使用“glfw3.lib(monitor.obj)”或在“F:\OpenGL\CW2\x64\Debug\glfw3.pdb”中寻找)；正在链接对象，如同没有调试信息一样
glfw3.lib(vulkan.obj) : warning LNK4099: 未找到 PDB“glfw3.pdb”(使用“glfw3.lib(vulkan.obj)”或在“F:\OpenGL\CW2\x64\Debug\glfw3.pdb”中寻找)；正在链接对象，如同没有调试信息一样
glfw3.lib(win32_window.obj) : warning LNK4099: 未找到 PDB“glfw3.pdb”(使用“glfw3.lib(win32_window.obj)”或在“F:\OpenGL\CW2\x64\Debug\glfw3.pdb”中寻找)；正在链接对象，如同没有调试信息一样
glfw3.lib(win32_joystick.obj) : warning LNK4099: 未找到 PDB“glfw3.pdb”(使用“glfw3.lib(win32_joystick.obj)”或在“F:\OpenGL\CW2\x64\Debug\glfw3.pdb”中寻找)；正在链接对象，如同没有调试信息一样
glfw3.lib(wgl_context.obj) : warning LNK4099: 未找到 PDB“glfw3.pdb”(使用“glfw3.lib(wgl_context.obj)”或在“F:\OpenGL\CW2\x64\Debug\glfw3.pdb”中寻找)；正在链接对象，如同没有调试信息一样
glfw3.lib(egl_context.obj) : warning LNK4099: 未找到 PDB“glfw3.pdb”(使用“glfw3.lib(egl_context.obj)”或在“F:\OpenGL\CW2\x64\Debug\glfw3.pdb”中寻找)；正在链接对象，如同没有调试信息一样
glfw3.lib(osmesa_context.obj) : warning LNK4099: 未找到 PDB“glfw3.pdb”(使用“glfw3.lib(osmesa_context.obj)”或在“F:\OpenGL\CW2\x64\Debug\glfw3.pdb”中寻找)；正在链接对象，如同没有调试信息一样
  Project1.vcxproj -> F:\OpenGL\CW2\x64\Debug\Project1.exe
